#-----------------------------------------------------------
# Vivado v2019.2 (64-bit)
# SW Build 2708876 on Wed Nov  6 21:40:23 MST 2019
# IP Build 2700528 on Thu Nov  7 00:09:20 MST 2019
# Start of session at: Thu May 14 11:46:26 2026
# Process ID: 22928
# Current directory: C:/FPGA_project/xc7z020clg484-1/test_adc_19.2
# Command line: vivado.exe -gui_launcher_event rodinguilauncherevent16572 C:\FPGA_project\xc7z020clg484-1\test_adc_19.2\test_adc_19.2.xpr
# Log file: C:/FPGA_project/xc7z020clg484-1/test_adc_19.2/vivado.log
# Journal file: C:/FPGA_project/xc7z020clg484-1/test_adc_19.2\vivado.jou
#-----------------------------------------------------------
start_gui
open_project C:/FPGA_project/xc7z020clg484-1/test_adc_19.2/test_adc_19.2.xpr
Scanning sources...
Finished scanning sources
INFO: [IP_Flow 19-234] Refreshing IP repositories
INFO: [IP_Flow 19-1704] No user IP repositories specified
INFO: [IP_Flow 19-2313] Loaded Vivado IP repository 'C:/Xilinx/Vivado/2019.2/data/ip'.
open_project: Time (s): cpu = 00:00:42 ; elapsed = 00:00:32 . Memory (MB): peak = 956.051 ; gain = 268.926
update_compile_order -fileset sources_1
launch_simulation
Command: launch_simulation 
INFO: [Vivado 12-5698] Checking validity of IPs in the design for the 'XSim' simulator...
INFO: [Vivado 12-5682] Launching behavioral simulation in 'C:/FPGA_project/xc7z020clg484-1/test_adc_19.2/test_adc_19.2.sim/sim_1/behav/xsim'
INFO: [Vivado 12-4795] Using compiled simulation libraries for IPs
INFO: [SIM-utils-51] Simulation object is 'sim_1'
INFO: [USF-XSim-7] Finding pre-compiled libraries...
INFO: [USF-XSim-11] File 'C:/Xilinx/Vivado/2019.2/data/xsim/xsim.ini' copied to run dir:'C:/FPGA_project/xc7z020clg484-1/test_adc_19.2/test_adc_19.2.sim/sim_1/behav/xsim'
INFO: [SIM-utils-54] Inspecting design source files for 'top' in fileset 'sim_1'...
INFO: [USF-XSim-97] Finding global include files...
INFO: [USF-XSim-98] Fetching design files from 'sim_1'...
INFO: [USF-XSim-2] XSim::Compile design
INFO: [USF-XSim-61] Executing 'COMPILE and ANALYZE' step in 'C:/FPGA_project/xc7z020clg484-1/test_adc_19.2/test_adc_19.2.sim/sim_1/behav/xsim'
"xvlog --incr --relax -prj top_vlog.prj"
INFO: [VRFC 10-2263] Analyzing Verilog file "C:/FPGA_project/xc7z020clg484-1/test_adc_19.2/test_adc_19.2.srcs/sources_1/ip/adc_ram/sim/adc_ram.v" into library xil_defaultlib
INFO: [VRFC 10-311] analyzing module adc_ram
INFO: [VRFC 10-2263] Analyzing Verilog file "C:/FPGA_project/xc7z020clg484-1/test_adc_19.2/test_adc_19.2.srcs/sources_1/ip/clk_wiz_40_96m/clk_wiz_40_96m_clk_wiz.v" into library xil_defaultlib
INFO: [VRFC 10-311] analyzing module clk_wiz_40_96m_clk_wiz
INFO: [VRFC 10-2263] Analyzing Verilog file "C:/FPGA_project/xc7z020clg484-1/test_adc_19.2/test_adc_19.2.srcs/sources_1/ip/clk_wiz_40_96m/clk_wiz_40_96m.v" into library xil_defaultlib
INFO: [VRFC 10-311] analyzing module clk_wiz_40_96m
INFO: [VRFC 10-2263] Analyzing Verilog file "C:/FPGA_project/xc7z020clg484-1/test_adc_19.2/test_adc_19.2.srcs/sources_1/new/ad9248.v" into library xil_defaultlib
INFO: [VRFC 10-311] analyzing module ad9248
INFO: [VRFC 10-2263] Analyzing Verilog file "C:/FPGA_project/xc7z020clg484-1/test_adc_19.2/test_adc_19.2.srcs/sources_1/new/adc_ram_control.v" into library xil_defaultlib
INFO: [VRFC 10-311] analyzing module adc_ram_control
INFO: [VRFC 10-2263] Analyzing Verilog file "C:/FPGA_project/xc7z020clg484-1/test_adc_19.2/test_adc_19.2.srcs/sources_1/new/reg_control.v" into library xil_defaultlib
INFO: [VRFC 10-311] analyzing module reg_control
INFO: [VRFC 10-2263] Analyzing Verilog file "C:/FPGA_project/xc7z020clg484-1/test_adc_19.2/test_adc_19.2.srcs/sources_1/new/spi_control.v" into library xil_defaultlib
INFO: [VRFC 10-311] analyzing module spi_control
INFO: [VRFC 10-2263] Analyzing Verilog file "C:/FPGA_project/xc7z020clg484-1/test_adc_19.2/test_adc_19.2.srcs/sources_1/new/spi_reg_control.v" into library xil_defaultlib
INFO: [VRFC 10-311] analyzing module spi_reg_control
INFO: [VRFC 10-2263] Analyzing Verilog file "C:/FPGA_project/xc7z020clg484-1/test_adc_19.2/test_adc_19.2.srcs/sources_1/new/spi_slave.v" into library xil_defaultlib
INFO: [VRFC 10-311] analyzing module spi_slave
INFO: [VRFC 10-2263] Analyzing Verilog file "C:/FPGA_project/xc7z020clg484-1/test_adc_19.2/test_adc_19.2.srcs/sources_1/new/top.v" into library xil_defaultlib
INFO: [VRFC 10-311] analyzing module top
INFO: [VRFC 10-2263] Analyzing Verilog file "C:/FPGA_project/xc7z020clg484-1/test_adc_19.2/test_adc_19.2.sim/sim_1/behav/xsim/glbl.v" into library xil_defaultlib
INFO: [VRFC 10-311] analyzing module glbl
INFO: [USF-XSim-69] 'compile' step finished in '2' seconds
INFO: [USF-XSim-3] XSim::Elaborate design
INFO: [USF-XSim-61] Executing 'ELABORATE' step in 'C:/FPGA_project/xc7z020clg484-1/test_adc_19.2/test_adc_19.2.sim/sim_1/behav/xsim'
"xelab -wto d5ef5f84672741e4897c8f40fc218b1f --incr --debug typical --relax --mt 2 -L blk_mem_gen_v8_4_4 -L xil_defaultlib -L unisims_ver -L unimacro_ver -L secureip -L xpm --snapshot top_behav xil_defaultlib.top xil_defaultlib.glbl -log elaborate.log"
Vivado Simulator 2019.2
Copyright 1986-1999, 2001-2019 Xilinx, Inc. All Rights Reserved.
Running: C:/Xilinx/Vivado/2019.2/bin/unwrapped/win64.o/xelab.exe -wto d5ef5f84672741e4897c8f40fc218b1f --incr --debug typical --relax --mt 2 -L blk_mem_gen_v8_4_4 -L xil_defaultlib -L unisims_ver -L unimacro_ver -L secureip -L xpm --snapshot top_behav xil_defaultlib.top xil_defaultlib.glbl -log elaborate.log 
Using 2 slave threads.
Starting static elaboration
Pass Through NonSizing Optimizer
Completed static elaboration
Starting simulation data flow analysis
Completed simulation data flow analysis
Time Resolution for simulation is 1ps
Compiling module unisims_ver.BUFG
Compiling module unisims_ver.MMCME2_ADV(CLKFBOUT_MULT_F=64.0,...
Compiling module xil_defaultlib.clk_wiz_40_96m_clk_wiz
Compiling module xil_defaultlib.clk_wiz_40_96m
Compiling module xil_defaultlib.ad9248
Compiling module xil_defaultlib.adc_ram_control
Compiling module blk_mem_gen_v8_4_4.blk_mem_gen_v8_4_4_output_stage(...
Compiling module blk_mem_gen_v8_4_4.blk_mem_gen_v8_4_4_output_stage(...
Compiling module blk_mem_gen_v8_4_4.blk_mem_gen_v8_4_4_softecc_outpu...
Compiling module blk_mem_gen_v8_4_4.blk_mem_gen_v8_4_4_mem_module(C_...
Compiling module blk_mem_gen_v8_4_4.blk_mem_gen_v8_4_4(C_FAMILY="zyn...
Compiling module xil_defaultlib.adc_ram
Compiling module xil_defaultlib.spi_slave
Compiling module xil_defaultlib.spi_control
Compiling module xil_defaultlib.reg_control
Compiling module xil_defaultlib.spi_reg_control
Compiling module xil_defaultlib.top
Compiling module xil_defaultlib.glbl
Built simulation snapshot top_behav

****** Webtalk v2019.2 (64-bit)
  **** SW Build 2708876 on Wed Nov  6 21:40:23 MST 2019
  **** IP Build 2700528 on Thu Nov  7 00:09:20 MST 2019
    ** Copyright 1986-2019 Xilinx, Inc. All Rights Reserved.

source C:/FPGA_project/xc7z020clg484-1/test_adc_19.2/test_adc_19.2.sim/sim_1/behav/xsim/xsim.dir/top_behav/webtalk/xsim_webtalk.tcl -notrace
INFO: [Common 17-206] Exiting Webtalk at Thu May 14 12:17:33 2026...
run_program: Time (s): cpu = 00:00:02 ; elapsed = 00:00:12 . Memory (MB): peak = 956.051 ; gain = 0.000
INFO: [USF-XSim-69] 'elaborate' step finished in '13' seconds
INFO: [USF-XSim-4] XSim::Simulate design
INFO: [USF-XSim-61] Executing 'SIMULATE' step in 'C:/FPGA_project/xc7z020clg484-1/test_adc_19.2/test_adc_19.2.sim/sim_1/behav/xsim'
INFO: [USF-XSim-98] *** Running xsim
   with args "top_behav -key {Behavioral:sim_1:Functional:top} -tclbatch {top.tcl} -log {simulate.log}"
INFO: [USF-XSim-8] Loading simulator feature
Vivado Simulator 2019.2
Time resolution is 1 ps
source top.tcl
# set curr_wave [current_wave_config]
# if { [string length $curr_wave] == 0 } {
#   if { [llength [get_objects]] > 0} {
#     add_wave /
#     set_property needs_save false [current_wave_config]
#   } else {
#      send_msg_id Add_Wave-1 WARNING "No top level signals found. Simulator will start without a wave window. If you want to open a wave window go to 'File->New Waveform Configuration' or type 'create_wave_config' in the TCL console."
#   }
# }
# run 1000ns
Block Memory Generator module top.adc_ram_inst0.inst.native_mem_module.blk_mem_gen_v8_4_4_inst is using a behavioral model for simulation which will not precisely model memory collision behavior.
xsim: Time (s): cpu = 00:00:22 ; elapsed = 00:00:09 . Memory (MB): peak = 1014.508 ; gain = 57.387
INFO: [USF-XSim-96] XSim completed. Design snapshot 'top_behav' loaded.
INFO: [USF-XSim-97] XSim simulation ran for 1000ns
launch_simulation: Time (s): cpu = 00:00:26 ; elapsed = 00:00:26 . Memory (MB): peak = 1014.508 ; gain = 58.457
close_sim
INFO: [Simtcl 6-16] Simulation closed
open_run synth_1 -name synth_1
Design is defaulting to impl run constrset: constrs_1
Design is defaulting to synth run part: xc7z020clg484-1
INFO: [Device 21-403] Loading part xc7z020clg484-1
INFO: [Project 1-454] Reading design checkpoint 'c:/FPGA_project/xc7z020clg484-1/test_adc_19.2/test_adc_19.2.srcs/sources_1/ip/adc_ram/adc_ram.dcp' for cell 'adc_ram_inst0'
INFO: [Project 1-454] Reading design checkpoint 'c:/FPGA_project/xc7z020clg484-1/test_adc_19.2/test_adc_19.2.srcs/sources_1/ip/clk_wiz_40_96m/clk_wiz_40_96m.dcp' for cell 'clk_wiz_40_96m_inst0'
Netlist sorting complete. Time (s): cpu = 00:00:00 ; elapsed = 00:00:00.006 . Memory (MB): peak = 1304.062 ; gain = 0.000
INFO: [Netlist 29-17] Analyzing 22 Unisim elements for replacement
INFO: [Netlist 29-28] Unisim Transformation completed in 0 CPU seconds
INFO: [Project 1-479] Netlist was created with Vivado 2019.2
INFO: [Project 1-570] Preparing netlist for logic optimization
Parsing XDC File [c:/FPGA_project/xc7z020clg484-1/test_adc_19.2/test_adc_19.2.srcs/sources_1/ip/clk_wiz_40_96m/clk_wiz_40_96m_board.xdc] for cell 'clk_wiz_40_96m_inst0/inst'
Finished Parsing XDC File [c:/FPGA_project/xc7z020clg484-1/test_adc_19.2/test_adc_19.2.srcs/sources_1/ip/clk_wiz_40_96m/clk_wiz_40_96m_board.xdc] for cell 'clk_wiz_40_96m_inst0/inst'
Parsing XDC File [c:/FPGA_project/xc7z020clg484-1/test_adc_19.2/test_adc_19.2.srcs/sources_1/ip/clk_wiz_40_96m/clk_wiz_40_96m.xdc] for cell 'clk_wiz_40_96m_inst0/inst'
Finished Parsing XDC File [c:/FPGA_project/xc7z020clg484-1/test_adc_19.2/test_adc_19.2.srcs/sources_1/ip/clk_wiz_40_96m/clk_wiz_40_96m.xdc] for cell 'clk_wiz_40_96m_inst0/inst'
Parsing XDC File [C:/FPGA_project/xc7z020clg484-1/test_adc_19.2/test_adc_19.2.srcs/constrs_1/new/test.xdc]
Finished Parsing XDC File [C:/FPGA_project/xc7z020clg484-1/test_adc_19.2/test_adc_19.2.srcs/constrs_1/new/test.xdc]
INFO: [Opt 31-138] Pushed 0 inverter(s) to 0 load pin(s).
Netlist sorting complete. Time (s): cpu = 00:00:00 ; elapsed = 00:00:00 . Memory (MB): peak = 1386.754 ; gain = 0.000
INFO: [Project 1-111] Unisim Transformation Summary:
No Unisim elements were transformed.

open_run: Time (s): cpu = 00:00:14 ; elapsed = 00:00:10 . Memory (MB): peak = 1564.098 ; gain = 546.152
create_clock -period 20.000 -name clk -waveform {0.000 10.000} [get_ports clk]
create_clock -period 24.414 -name clk_40_96m -waveform {0.000 12.207} [get_nets clk_wiz_40_96m_inst0/inst/clk_out1_clk_wiz_40_96m]
save_constraints
close_design
set_property -dict [list CONFIG.USE_LOCKED {true}] [get_ips clk_wiz_40_96m]
generate_target all [get_files  C:/FPGA_project/xc7z020clg484-1/test_adc_19.2/test_adc_19.2.srcs/sources_1/ip/clk_wiz_40_96m/clk_wiz_40_96m.xci]
INFO: [IP_Flow 19-1686] Generating 'Instantiation Template' target for IP 'clk_wiz_40_96m'...
INFO: [IP_Flow 19-1686] Generating 'Synthesis' target for IP 'clk_wiz_40_96m'...
INFO: [IP_Flow 19-1686] Generating 'Simulation' target for IP 'clk_wiz_40_96m'...
INFO: [IP_Flow 19-1686] Generating 'Implementation' target for IP 'clk_wiz_40_96m'...
INFO: [IP_Flow 19-1686] Generating 'Change Log' target for IP 'clk_wiz_40_96m'...
catch { config_ip_cache -export [get_ips -all clk_wiz_40_96m] }
export_ip_user_files -of_objects [get_files C:/FPGA_project/xc7z020clg484-1/test_adc_19.2/test_adc_19.2.srcs/sources_1/ip/clk_wiz_40_96m/clk_wiz_40_96m.xci] -no_script -sync -force -quiet
reset_run clk_wiz_40_96m_synth_1
launch_runs -jobs 20 clk_wiz_40_96m_synth_1
[Thu May 14 12:34:30 2026] Launched clk_wiz_40_96m_synth_1...
Run output will be captured here: C:/FPGA_project/xc7z020clg484-1/test_adc_19.2/test_adc_19.2.runs/clk_wiz_40_96m_synth_1/runme.log
export_simulation -of_objects [get_files C:/FPGA_project/xc7z020clg484-1/test_adc_19.2/test_adc_19.2.srcs/sources_1/ip/clk_wiz_40_96m/clk_wiz_40_96m.xci] -directory C:/FPGA_project/xc7z020clg484-1/test_adc_19.2/test_adc_19.2.ip_user_files/sim_scripts -ip_user_files_dir C:/FPGA_project/xc7z020clg484-1/test_adc_19.2/test_adc_19.2.ip_user_files -ipstatic_source_dir C:/FPGA_project/xc7z020clg484-1/test_adc_19.2/test_adc_19.2.ip_user_files/ipstatic -lib_map_path [list {modelsim=C:/FPGA_project/xc7z020clg484-1/test_adc_19.2/test_adc_19.2.cache/compile_simlib/modelsim} {questa=C:/FPGA_project/xc7z020clg484-1/test_adc_19.2/test_adc_19.2.cache/compile_simlib/questa} {riviera=C:/FPGA_project/xc7z020clg484-1/test_adc_19.2/test_adc_19.2.cache/compile_simlib/riviera} {activehdl=C:/FPGA_project/xc7z020clg484-1/test_adc_19.2/test_adc_19.2.cache/compile_simlib/activehdl}] -use_ip_compiled_libs -force -quiet
reset_run synth_1
launch_runs synth_1 -jobs 20
[Thu May 14 12:45:49 2026] Launched synth_1...
Run output will be captured here: C:/FPGA_project/xc7z020clg484-1/test_adc_19.2/test_adc_19.2.runs/synth_1/runme.log
launch_runs impl_1 -jobs 20
[Thu May 14 12:46:30 2026] Launched impl_1...
Run output will be captured here: C:/FPGA_project/xc7z020clg484-1/test_adc_19.2/test_adc_19.2.runs/impl_1/runme.log
exit
INFO: [Common 17-206] Exiting Vivado at Thu May 14 12:57:00 2026...
