#-----------------------------------------------------------
# Vivado v2019.2 (64-bit)
# SW Build 2708876 on Wed Nov  6 21:40:23 MST 2019
# IP Build 2700528 on Thu Nov  7 00:09:20 MST 2019
# Start of session at: Thu May 14 18:19:46 2026
# Process ID: 3556
# Current directory: C:/FPGA_project/xc7z020clg484-1/test_adc_19.2
# Command line: vivado.exe -gui_launcher_event rodinguilauncherevent23976 C:\FPGA_project\xc7z020clg484-1\test_adc_19.2\test_adc_19.2.xpr
# Log file: C:/FPGA_project/xc7z020clg484-1/test_adc_19.2/vivado.log
# Journal file: C:/FPGA_project/xc7z020clg484-1/test_adc_19.2\vivado.jou
#-----------------------------------------------------------
start_gui
open_project C:/FPGA_project/xc7z020clg484-1/test_adc_19.2/test_adc_19.2.xpr
Scanning sources...
Finished scanning sources
INFO: [IP_Flow 19-234] Refreshing IP repositories
INFO: [IP_Flow 19-1704] No user IP repositories specified
INFO: [IP_Flow 19-2313] Loaded Vivado IP repository 'C:/Xilinx/Vivado/2019.2/data/ip'.
open_project: Time (s): cpu = 00:00:32 ; elapsed = 00:00:19 . Memory (MB): peak = 938.402 ; gain = 252.145
reset_run synth_1
update_compile_order -fileset sources_1
launch_runs impl_1 -to_step write_bitstream -jobs 20
[Thu May 14 18:20:41 2026] Launched synth_1...
Run output will be captured here: C:/FPGA_project/xc7z020clg484-1/test_adc_19.2/test_adc_19.2.runs/synth_1/runme.log
[Thu May 14 18:20:41 2026] Launched impl_1...
Run output will be captured here: C:/FPGA_project/xc7z020clg484-1/test_adc_19.2/test_adc_19.2.runs/impl_1/runme.log
open_hw_manager
connect_hw_server -allow_non_jtag
INFO: [Labtools 27-2285] Connecting to hw_server url TCP:localhost:3121
INFO: [Labtools 27-3415] Connecting to cs_server url TCP:localhost:3042
INFO: [Labtools 27-3414] Connected to existing cs_server.
open_hw_target
INFO: [Labtoolstcl 44-466] Opening hw_target localhost:3121/xilinx_tcf/Xilinx/00000000000000
set_property PROGRAM.FILE {C:/FPGA_project/xc7z020clg484-1/test_adc_19.2/test_adc_19.2.runs/impl_1/top.bit} [get_hw_devices xc7z020_1]
current_hw_device [get_hw_devices xc7z020_1]
refresh_hw_device -update_hw_probes false [lindex [get_hw_devices xc7z020_1] 0]
INFO: [Labtools 27-2302] Device xc7z020 (JTAG device index = 1) is programmed with a design that has 1 ILA core(s).
set_property PROBES.FILE {} [get_hw_devices xc7z020_1]
set_property FULL_PROBES.FILE {} [get_hw_devices xc7z020_1]
set_property PROGRAM.FILE {C:/FPGA_project/xc7z020clg484-1/test_adc_19.2/test_adc_19.2.runs/impl_1/top.bit} [get_hw_devices xc7z020_1]
program_hw_devices [get_hw_devices xc7z020_1]
INFO: [Labtools 27-3164] End of startup status: HIGH
program_hw_devices: Time (s): cpu = 00:00:09 ; elapsed = 00:00:09 . Memory (MB): peak = 2345.016 ; gain = 0.000
refresh_hw_device [lindex [get_hw_devices xc7z020_1] 0]
INFO: [Labtools 27-1434] Device xc7z020 (JTAG device index = 1) is programmed with a design that has no supported debug core(s) in it.
close_hw_manager
open_run synth_1 -name synth_1
Design is defaulting to impl run constrset: constrs_1
Design is defaulting to synth run part: xc7z020clg484-1
INFO: [Device 21-403] Loading part xc7z020clg484-1
INFO: [Project 1-454] Reading design checkpoint 'c:/FPGA_project/xc7z020clg484-1/test_adc_19.2/test_adc_19.2.srcs/sources_1/ip/adc_ram/adc_ram.dcp' for cell 'adc_ram_inst0'
INFO: [Project 1-454] Reading design checkpoint 'c:/FPGA_project/xc7z020clg484-1/test_adc_19.2/test_adc_19.2.srcs/sources_1/ip/clk_wiz_40_96m/clk_wiz_40_96m.dcp' for cell 'clk_wiz_40_96m_inst0'
Netlist sorting complete. Time (s): cpu = 00:00:00 ; elapsed = 00:00:00.006 . Memory (MB): peak = 2626.477 ; gain = 0.000
INFO: [Netlist 29-17] Analyzing 22 Unisim elements for replacement
INFO: [Netlist 29-28] Unisim Transformation completed in 0 CPU seconds
INFO: [Project 1-479] Netlist was created with Vivado 2019.2
INFO: [Project 1-570] Preparing netlist for logic optimization
Parsing XDC File [c:/FPGA_project/xc7z020clg484-1/test_adc_19.2/test_adc_19.2.srcs/sources_1/ip/clk_wiz_40_96m/clk_wiz_40_96m_board.xdc] for cell 'clk_wiz_40_96m_inst0/inst'
Finished Parsing XDC File [c:/FPGA_project/xc7z020clg484-1/test_adc_19.2/test_adc_19.2.srcs/sources_1/ip/clk_wiz_40_96m/clk_wiz_40_96m_board.xdc] for cell 'clk_wiz_40_96m_inst0/inst'
Parsing XDC File [c:/FPGA_project/xc7z020clg484-1/test_adc_19.2/test_adc_19.2.srcs/sources_1/ip/clk_wiz_40_96m/clk_wiz_40_96m.xdc] for cell 'clk_wiz_40_96m_inst0/inst'
Finished Parsing XDC File [c:/FPGA_project/xc7z020clg484-1/test_adc_19.2/test_adc_19.2.srcs/sources_1/ip/clk_wiz_40_96m/clk_wiz_40_96m.xdc] for cell 'clk_wiz_40_96m_inst0/inst'
Parsing XDC File [C:/FPGA_project/xc7z020clg484-1/test_adc_19.2/test_adc_19.2.srcs/constrs_1/new/test.xdc]
Finished Parsing XDC File [C:/FPGA_project/xc7z020clg484-1/test_adc_19.2/test_adc_19.2.srcs/constrs_1/new/test.xdc]
INFO: [Opt 31-138] Pushed 0 inverter(s) to 0 load pin(s).
Netlist sorting complete. Time (s): cpu = 00:00:00 ; elapsed = 00:00:00 . Memory (MB): peak = 2738.160 ; gain = 0.000
INFO: [Project 1-111] Unisim Transformation Summary:
No Unisim elements were transformed.

open_run: Time (s): cpu = 00:00:22 ; elapsed = 00:00:18 . Memory (MB): peak = 2937.035 ; gain = 588.980
open_hw_manager
connect_hw_server -allow_non_jtag
INFO: [Labtools 27-2285] Connecting to hw_server url TCP:localhost:3121
INFO: [Labtools 27-3415] Connecting to cs_server url TCP:localhost:3042
INFO: [Labtools 27-3414] Connected to existing cs_server.
open_hw_target
INFO: [Labtoolstcl 44-466] Opening hw_target localhost:3121/xilinx_tcf/Xilinx/00000000000000
set_property PROGRAM.FILE {C:/FPGA_project/xc7z020clg484-1/test_adc_19.2/test_adc_19.2.runs/impl_1/top.bit} [get_hw_devices xc7z020_1]
current_hw_device [get_hw_devices xc7z020_1]
refresh_hw_device -update_hw_probes false [lindex [get_hw_devices xc7z020_1] 0]
INFO: [Labtools 27-1434] Device xc7z020 (JTAG device index = 1) is programmed with a design that has no supported debug core(s) in it.
set_property PROBES.FILE {} [get_hw_devices xc7z020_1]
set_property FULL_PROBES.FILE {} [get_hw_devices xc7z020_1]
set_property PROGRAM.FILE {C:/FPGA_project/xc7z020clg484-1/test_adc_19.2/test_adc_19.2.runs/impl_1/top.bit} [get_hw_devices xc7z020_1]
program_hw_devices [get_hw_devices xc7z020_1]
INFO: [Labtools 27-3164] End of startup status: HIGH
program_hw_devices: Time (s): cpu = 00:00:07 ; elapsed = 00:00:09 . Memory (MB): peak = 2940.680 ; gain = 0.000
refresh_hw_device [lindex [get_hw_devices xc7z020_1] 0]
INFO: [Labtools 27-1434] Device xc7z020 (JTAG device index = 1) is programmed with a design that has no supported debug core(s) in it.
set_property PROBES.FILE {} [get_hw_devices xc7z020_1]
set_property FULL_PROBES.FILE {} [get_hw_devices xc7z020_1]
set_property PROGRAM.FILE {C:/FPGA_project/xc7z020clg484-1/test_adc_19.2/test_adc_19.2.runs/impl_1/top.bit} [get_hw_devices xc7z020_1]
program_hw_devices [get_hw_devices xc7z020_1]
INFO: [Labtools 27-3164] End of startup status: HIGH
program_hw_devices: Time (s): cpu = 00:00:08 ; elapsed = 00:00:09 . Memory (MB): peak = 2940.680 ; gain = 0.000
refresh_hw_device [lindex [get_hw_devices xc7z020_1] 0]
INFO: [Labtools 27-1434] Device xc7z020 (JTAG device index = 1) is programmed with a design that has no supported debug core(s) in it.
exit
INFO: [Common 17-206] Exiting Vivado at Thu May 14 18:30:31 2026...
