#-----------------------------------------------------------
# Vivado v2019.2 (64-bit)
# SW Build 2708876 on Wed Nov  6 21:40:23 MST 2019
# IP Build 2700528 on Thu Nov  7 00:09:20 MST 2019
# Start of session at: Fri May 15 15:04:51 2026
# Process ID: 3816
# Current directory: C:/FPGA_project/xc7z020clg484-1/test_adc_19.2
# Command line: vivado.exe -gui_launcher_event rodinguilauncherevent12412 C:\FPGA_project\xc7z020clg484-1\test_adc_19.2\test_adc_19.2.xpr
# Log file: C:/FPGA_project/xc7z020clg484-1/test_adc_19.2/vivado.log
# Journal file: C:/FPGA_project/xc7z020clg484-1/test_adc_19.2\vivado.jou
#-----------------------------------------------------------
start_gui
open_project C:/FPGA_project/xc7z020clg484-1/test_adc_19.2/test_adc_19.2.xpr
Scanning sources...
Finished scanning sources
INFO: [IP_Flow 19-234] Refreshing IP repositories
INFO: [IP_Flow 19-1704] No user IP repositories specified
INFO: [IP_Flow 19-2313] Loaded Vivado IP repository 'C:/Xilinx/Vivado/2019.2/data/ip'.
open_project: Time (s): cpu = 00:00:21 ; elapsed = 00:00:15 . Memory (MB): peak = 928.719 ; gain = 235.172
update_compile_order -fileset sources_1
reset_run synth_1
launch_runs synth_1 -jobs 20
[Fri May 15 15:20:10 2026] Launched synth_1...
Run output will be captured here: C:/FPGA_project/xc7z020clg484-1/test_adc_19.2/test_adc_19.2.runs/synth_1/runme.log
launch_runs impl_1 -jobs 20
[Fri May 15 15:21:02 2026] Launched impl_1...
Run output will be captured here: C:/FPGA_project/xc7z020clg484-1/test_adc_19.2/test_adc_19.2.runs/impl_1/runme.log
launch_runs impl_1 -to_step write_bitstream -jobs 20
[Fri May 15 15:22:20 2026] Launched impl_1...
Run output will be captured here: C:/FPGA_project/xc7z020clg484-1/test_adc_19.2/test_adc_19.2.runs/impl_1/runme.log
open_hw_manager
close_hw_manager
WARNING: [IP_Flow 19-4067] Ignoring invalid widget type specified checkbox.Providing a default widget
WARNING: [IP_Flow 19-4067] Ignoring invalid widget type specified checkbox.Providing a default widget
WARNING: [IP_Flow 19-4067] Ignoring invalid widget type specified checkbox.Providing a default widget
WARNING: [IP_Flow 19-4067] Ignoring invalid widget type specified checkbox.Providing a default widget
open_hw_manager
connect_hw_server -allow_non_jtag
INFO: [Labtools 27-2285] Connecting to hw_server url TCP:localhost:3121
INFO: [Labtools 27-3415] Connecting to cs_server url TCP:localhost:3042
INFO: [Labtools 27-3414] Connected to existing cs_server.
open_hw_target
INFO: [Labtoolstcl 44-466] Opening hw_target localhost:3121/xilinx_tcf/Xilinx/00000000000000
set_property PROGRAM.FILE {C:/FPGA_project/xc7z020clg484-1/test_adc_19.2/test_adc_19.2.runs/impl_1/top.bit} [get_hw_devices xc7z020_1]
current_hw_device [get_hw_devices xc7z020_1]
refresh_hw_device -update_hw_probes false [lindex [get_hw_devices xc7z020_1] 0]
INFO: [Labtools 27-1434] Device xc7z020 (JTAG device index = 1) is programmed with a design that has no supported debug core(s) in it.
set_property PROBES.FILE {} [get_hw_devices xc7z020_1]
set_property FULL_PROBES.FILE {} [get_hw_devices xc7z020_1]
set_property PROGRAM.FILE {C:/FPGA_project/xc7z020clg484-1/test_adc_19.2/test_adc_19.2.runs/impl_1/top.bit} [get_hw_devices xc7z020_1]
program_hw_devices [get_hw_devices xc7z020_1]
INFO: [Labtools 27-3164] End of startup status: HIGH
program_hw_devices: Time (s): cpu = 00:00:09 ; elapsed = 00:00:09 . Memory (MB): peak = 2320.980 ; gain = 0.000
refresh_hw_device [lindex [get_hw_devices xc7z020_1] 0]
INFO: [Labtools 27-1434] Device xc7z020 (JTAG device index = 1) is programmed with a design that has no supported debug core(s) in it.
ERROR: [Labtoolstcl 44-513] HW Target shutdown. Closing target: localhost:3121/xilinx_tcf/Xilinx/00000000000000
exit
INFO: [Common 17-206] Exiting Vivado at Fri May 15 18:56:45 2026...
